have_func: checking for strlcpy() in string.h... -------------------- yes

DYLD_FALLBACK_LIBRARY_PATH=.:/Users/mohitloganathan/.rbenv/versions/3.2.2/lib "clang -o conftest -I/Users/mohitloganathan/.rbenv/versions/3.2.2/include/ruby-3.2.0/arm64-darwin23 -I/Users/mohitloganathan/.rbenv/versions/3.2.2/include/ruby-3.2.0/ruby/backward -I/Users/mohitloganathan/.rbenv/versions/3.2.2/include/ruby-3.2.0 -I. -D_XOPEN_SOURCE -D_DARWIN_C_SOURCE -D_DARWIN_UNLIMITED_SELECT -D_REENTRANT   -fsigned-char -g -O2 -Wall -Werror  conftest.c  -L. -L/Users/mohitloganathan/.rbenv/versions/3.2.2/lib -L. -fstack-protector-strong     -lruby.3.2  -lpthread  "
checked program was:
/* begin */
1: #include "ruby.h"
2: 
3: int main(int argc, char **argv)
4: {
5:   return !!argv[argc];
6: }
/* end */

DYLD_FALLBACK_LIBRARY_PATH=.:/Users/mohitloganathan/.rbenv/versions/3.2.2/lib "clang -o conftest -I/Users/mohitloganathan/.rbenv/versions/3.2.2/include/ruby-3.2.0/arm64-darwin23 -I/Users/mohitloganathan/.rbenv/versions/3.2.2/include/ruby-3.2.0/ruby/backward -I/Users/mohitloganathan/.rbenv/versions/3.2.2/include/ruby-3.2.0 -I. -D_XOPEN_SOURCE -D_DARWIN_C_SOURCE -D_DARWIN_UNLIMITED_SELECT -D_REENTRANT   -fsigned-char -g -O2 -Wall -Werror  conftest.c  -L. -L/Users/mohitloganathan/.rbenv/versions/3.2.2/lib -L. -fstack-protector-strong     -lruby.3.2  -lpthread  "
checked program was:
/* begin */
 1: #include "ruby.h"
 2: 
 3: #include <string.h>
 4: 
 5: /*top*/
 6: extern int t(void);
 7: int main(int argc, char **argv)
 8: {
 9:   if (argc > 1000000) {
10:     int (* volatile tp)(void)=(int (*)(void))&t;
11:     printf("%d", (*tp)());
12:   }
13: 
14:   return !!argv[argc];
15: }
16: int t(void) { void ((*volatile p)()); p = (void ((*)()))strlcpy; return !p; }
/* end */

--------------------

